0 info it worked if it ends with ok
1 verbose cli [ 'D:\\nodejs\\node.exe',
1 verbose cli   'C:\\Users\\wanglei21\\AppData\\Roaming\\npm\\node_modules\\npm\\bin\\npm-cli.js',
1 verbose cli   'run',
1 verbose cli   'test' ]
2 info using npm@3.10.9
3 info using node@v6.10.0
4 verbose run-script [ 'pretest', 'test', 'posttest' ]
5 info lifecycle homework1@0.0.1~pretest: homework1@0.0.1
6 silly lifecycle homework1@0.0.1~pretest: no script for pretest, continuing
7 info lifecycle homework1@0.0.1~test: homework1@0.0.1
8 verbose lifecycle homework1@0.0.1~test: unsafe-perm in lifecycle true
9 verbose lifecycle homework1@0.0.1~test: PATH: C:\Users\wanglei21\AppData\Roaming\npm\node_modules\npm\bin\node-gyp-bin;E:\exercise\homework1\node_modules\.bin;C:\Users\wanglei21\bin;D:\Git\mingw64\bin;D:\Git\usr\local\bin;D:\Git\usr\bin;D:\Git\usr\bin;D:\Git\mingw64\bin;D:\Git\usr\bin;C:\Users\wanglei21\bin;C:\ProgramData\Oracle\Java\javapath;C:\Windows\system32;C:\Windows;C:\Windows\System32\Wbem;C:\Windows\System32\WindowsPowerShell\v1.0;D:\SVN\bin;D:\Java\jdk1.8.0_74\bin;D:\Java\jdk1.8.0_74\jre\bin;D:\Java\apache-maven-3.0.5\bin;D:\Git\cmd;D:\nodejs;C:\Users\wanglei21\AppData\Roaming\npm;D:\Microsoft VS Code\bin;D:\Git\usr\bin\vendor_perl;D:\Git\usr\bin\core_perl
10 verbose lifecycle homework1@0.0.1~test: CWD: E:\exercise\homework1
11 silly lifecycle homework1@0.0.1~test: Args: [ '/d /s /c', 'karma start' ]
12 silly lifecycle homework1@0.0.1~test: Returned: code: 1  signal: null
13 info lifecycle homework1@0.0.1~test: Failed to exec test script
14 verbose stack Error: homework1@0.0.1 test: `karma start`
14 verbose stack Exit status 1
14 verbose stack     at EventEmitter.<anonymous> (C:\Users\wanglei21\AppData\Roaming\npm\node_modules\npm\lib\utils\lifecycle.js:255:16)
14 verbose stack     at emitTwo (events.js:106:13)
14 verbose stack     at EventEmitter.emit (events.js:191:7)
14 verbose stack     at ChildProcess.<anonymous> (C:\Users\wanglei21\AppData\Roaming\npm\node_modules\npm\lib\utils\spawn.js:40:14)
14 verbose stack     at emitTwo (events.js:106:13)
14 verbose stack     at ChildProcess.emit (events.js:191:7)
14 verbose stack     at maybeClose (internal/child_process.js:877:16)
14 verbose stack     at Process.ChildProcess._handle.onexit (internal/child_process.js:226:5)
15 verbose pkgid homework1@0.0.1
16 verbose cwd E:\exercise\homework1
17 error Windows_NT 6.1.7601
18 error argv "D:\\nodejs\\node.exe" "C:\\Users\\wanglei21\\AppData\\Roaming\\npm\\node_modules\\npm\\bin\\npm-cli.js" "run" "test"
19 error node v6.10.0
20 error npm  v3.10.9
21 error code ELIFECYCLE
22 error homework1@0.0.1 test: `karma start`
22 error Exit status 1
23 error Failed at the homework1@0.0.1 test script 'karma start'.
23 error Make sure you have the latest version of node.js and npm installed.
23 error If you do, this is most likely a problem with the homework1 package,
23 error not with npm itself.
23 error Tell the author that this fails on your system:
23 error     karma start
23 error You can get information on how to open an issue for this project with:
23 error     npm bugs homework1
23 error Or if that isn't available, you can get their info via:
23 error     npm owner ls homework1
23 error There is likely additional logging output above.
24 verbose exit [ 1, true ]
